\BOOKMARK [1][-]{section*.4}{List of Abbreviations}{}% 1
\BOOKMARK [1][-]{section.1}{Introduction}{}% 2
\BOOKMARK [2][-]{subsection.1.1}{Motivation}{section.1}% 3
\BOOKMARK [2][-]{subsection.1.2}{Overview}{section.1}% 4
\BOOKMARK [1][-]{section.2}{Background}{}% 5
\BOOKMARK [2][-]{subsection.2.1}{Agda}{section.2}% 6
\BOOKMARK [3][-]{subsubsection.2.1.1}{Simply Typed Functional Programming}{subsection.2.1}% 7
\BOOKMARK [3][-]{subsubsection.2.1.2}{Universe}{subsection.2.1}% 8
\BOOKMARK [3][-]{subsubsection.2.1.3}{Dependent Types}{subsection.2.1}% 9
\BOOKMARK [3][-]{subsubsection.2.1.4}{Propositions as Types}{subsection.2.1}% 10
\BOOKMARK [3][-]{subsubsection.2.1.5}{Encoding Specifications as Types}{subsection.2.1}% 11
\BOOKMARK [2][-]{subsection.2.2}{Related Work}{section.2}% 12
\BOOKMARK [1][-]{section.3}{Formalisation in Type Theory}{}% 13
\BOOKMARK [2][-]{subsection.3.1}{Subsets and Decidable Subsets}{section.3}% 14
\BOOKMARK [2][-]{subsection.3.2}{Languages}{section.3}% 15
\BOOKMARK [3][-]{subsubsection.3.2.1}{Operations on Languages}{subsection.3.2}% 16
\BOOKMARK [2][-]{subsection.3.3}{Regular Languages and Regular Expressions}{section.3}% 17
\BOOKMARK [2][-]{subsection.3.4}{-Non Deterministic Finite Automata}{section.3}% 18
\BOOKMARK [2][-]{subsection.3.5}{Thompson's Construction}{section.3}% 19
\BOOKMARK [2][-]{subsection.3.6}{Non-deterministic Finite Automata}{section.3}% 20
\BOOKMARK [2][-]{subsection.3.7}{Removing -transitions}{section.3}% 21
\BOOKMARK [2][-]{subsection.3.8}{Deterministic Finite Automata}{section.3}% 22
\BOOKMARK [2][-]{subsection.3.9}{Powerset Construction}{section.3}% 23
\BOOKMARK [2][-]{subsection.3.10}{Minimal DFA}{section.3}% 24
\BOOKMARK [2][-]{subsection.3.11}{Minimising DFA}{section.3}% 25
\BOOKMARK [2][-]{subsection.3.12}{Myhill-Nerode Theorem}{section.3}% 26
\BOOKMARK [1][-]{section.4}{Evaluation}{}% 27
\BOOKMARK [1][-]{section.5}{Conclusion}{}% 28
\BOOKMARK [1][-]{section*.63}{References}{}% 29
\BOOKMARK [1][-]{section*.64}{Appendices}{}% 30
